<?xml version="1.0" encoding="UTF-8"?>
<!-- Generated by org.testng.reporters.JUnitXMLReporter -->
<testsuite hostname="LAPTOP-N32KQ27K" name="Default test" tests="3" failures="0" timestamp="4 Dec 2016 11:39:51 GMT" time="59.659" errors="0">
  <testcase name="googleTest" time="12.409" classname="com.Vmetry.NTLTaxi.Temp.ReportTest"/>
  <testcase name="gmailTest" time="7.668" classname="com.Vmetry.NTLTaxi.Temp.ReportTest"/>
  <testcase name="yahooTest" time="32.11" classname="com.Vmetry.NTLTaxi.Temp.ReportTest"/>
</testsuite> <!-- Default test -->
